INFO:
Executing: runscript ../scripts/chimerax_transplant.cxc
INFO:
Executing: open receptor_af.pdb
INFO:
Chain information for receptor_af.pdb #1  
---  
Chain | Description  
[A](cxcmd:select /A:1-713 "Select chain") | [No description available](cxcmd:sequence chain #1/A "Show sequence")  
  

INFO:
Computing secondary structure
INFO:
Executing: open 4CVB.pdb
INFO:
_4CVB.pdb_ title:  
**Crystal structure of quinone-dependent alcohol dehydrogenase from
pseudogluconobacter saccharoketogenenes** [[more info...]](cxcmd:log metadata
#2)  
  

INFO:
Chain information for 4CVB.pdb #2  
---  
Chain | Description | UniProt  
[A](cxcmd:select #2/A:45-606 "Select chain") | [quinone-dependent alcohol dehydrogenase](cxcmd:sequence chain #2/A "Show sequence") | [Q93RE9_9BACT](cxcmd:open Q93RE9 from uniprot associate #2/A "Show annotations") [37-608](cxcmd:select #2/A:37-608 "Select sequence")  
  

INFO:
Non-standard residues in 4CVB.pdb #2  
---  
[CA](cxcmd:sel :CA "select residue") — [calcium
ion](https://www.rcsb.org/ligand/CA "show residue info")  
[CL](cxcmd:sel :CL "select residue") — [chloride
ion](https://www.rcsb.org/ligand/CL "show residue info")  
[PPI](cxcmd:sel :PPI "select residue") — [propanoic
acid](https://www.rcsb.org/ligand/PPI "show residue info")  
[PQQ](cxcmd:sel :PQQ "select residue") — [pyrroloquinoline
quinone](https://www.rcsb.org/ligand/PQQ "show residue info")  
[ZN](cxcmd:sel :ZN "select residue") — [zinc
ion](https://www.rcsb.org/ligand/ZN "show residue info")  
  

INFO:
26 atoms have alternate locations. Control/examine alternate locations with
**[Altloc Explorer](cxcmd:help help:user/tools/altlocexplorer.html)**
[[start tool...](cxcmd:ui tool show 'Altloc Explorer')] or the
**[altlocs](cxcmd:help altlocs)** command.  

INFO:
4251 atoms have anisotropic B-factors. Depict anisotropic information with
**[Thermal Ellipsoids](cxcmd:help help:user/tools/thermalellipsoids.html)**
[[start tool...](cxcmd:ui tool show 'Thermal Ellipsoids')] or the
**[aniso](cxcmd:help aniso)** command.  

INFO:
Executing: matchmaker #2/A to #1/A
INFO:
Parameters  
---  
Chain pairing | bb  
Alignment algorithm | Needleman-Wunsch  
Similarity matrix | BLOSUM-62  
SS fraction | 0.3  
Gap open (HH/SS/other) | 18/18/6  
Gap extend | 1  
SS matrix |  |  | H | S | O  
---|---|---|---  
H | 6 | -9 | -6  
S |  | 6 | -6  
O |  |  | 4  
Iteration cutoff | 2  
  

INFO:
Matchmaker receptor_af.pdb, chain A (#1) with 4CVB.pdb, chain A (#2), sequence alignment score = 660.9
STATUS:
Matchmaker receptor_af.pdb, chain A (#1) with 4CVB.pdb, chain A (#2), sequence alignment score = 660.9
INFO:
RMSD between 277 pruned atom pairs is 1.091 angstroms; (across all 532 pairs: 10.824)
STATUS:
RMSD between 277 pruned atom pairs is 1.091 angstroms; (across all 532 pairs: 10.824)
INFO:

INFO:
Executing: delete #2/B
INFO:
Executing: delete #2 & protein
INFO:
Executing: delete #2 & solvent
INFO:
Executing: delete #2 :ZN
INFO:
Executing: delete #2 :CL
INFO:
Executing: delete #2 :PPI
INFO:
Executing: combine #1 #2
INFO:
Remapping chain ID 'A' in 4CVB.pdb #2 to 'B'
INFO:
Executing: save receptor_PQQ_Ca.pdb models #3
INFO:
UCSF ChimeraX version: 1.11.1 (2026-01-23)
INFO:
© 2016-2025 Regents of the University of California.  All rights reserved.
cmd> Fatal Python error: _enter_buffered_busy: could not acquire lock for <_io.BufferedReader name='<stdin>'> at interpreter shutdown, possibly due to daemon threads
Python runtime state: finalizing (tstate=0x0000701d7a78e198)

Current thread 0x0000701d7a816e00 (most recent call first):
  <no Python frame>
